{"uid":"b74f1a4ee9a0985c","name":"提交检验结果","fullName":"TestCase.integration_tests.test_mainprocess.TestMainProcess#test_38_submit_inspect_result","historyId":"7eb5a8b3b71c5fd95e714659e06e85f7","time":{"start":1752114650737,"stop":1752114650738,"duration":1},"description":"提交质量检验结果，期望提交成功","descriptionHtml":"<p>提交质量检验结果，期望提交成功</p>\n","status":"failed","statusMessage":"AssertionError: 缺少检验单号\nassert None\n +  where None = TestMainProcess.inspect_order_code","statusTrace":"self = <TestCase.integration_tests.test_mainprocess.TestMainProcess object at 0x000001F35E6E6150>\n\n    @allure.title(\"提交检验结果\")\n    @allure.description(\"提交质量检验结果，期望提交成功\")\n    def test_38_submit_inspect_result(self):\n        \"\"\"提交检验结果\"\"\"\n        self.logger.info(\"===== 开始提交检验结果 =====\")\n>       assert TestMainProcess.inspect_order_code, \"缺少检验单号\"\nE       AssertionError: 缺少检验单号\nE       assert None\nE        +  where None = TestMainProcess.inspect_order_code\n\nTestCase\\integration_tests\\test_mainprocess.py:1030: AssertionError","flaky":false,"newFailed":false,"newBroken":false,"newPassed":false,"retriesCount":0,"retriesStatusChange":false,"beforeStages":[{"name":"setup_and_teardown","time":{"start":1752114596387,"stop":1752114641756,"duration":45369},"status":"passed","steps":[{"name":"前置条件：清理测试数据残留","time":{"start":1752114596387,"stop":1752114617554,"duration":21167},"status":"passed","steps":[],"attachments":[],"parameters":[],"hasContent":false,"shouldDisplayMessage":false,"attachmentsCount":0,"stepsCount":0,"attachmentStep":false}],"attachments":[],"parameters":[],"hasContent":true,"shouldDisplayMessage":false,"attachmentsCount":0,"stepsCount":1,"attachmentStep":false}],"testStage":{"description":"提交质量检验结果，期望提交成功","status":"failed","statusMessage":"AssertionError: 缺少检验单号\nassert None\n +  where None = TestMainProcess.inspect_order_code","statusTrace":"self = <TestCase.integration_tests.test_mainprocess.TestMainProcess object at 0x000001F35E6E6150>\n\n    @allure.title(\"提交检验结果\")\n    @allure.description(\"提交质量检验结果，期望提交成功\")\n    def test_38_submit_inspect_result(self):\n        \"\"\"提交检验结果\"\"\"\n        self.logger.info(\"===== 开始提交检验结果 =====\")\n>       assert TestMainProcess.inspect_order_code, \"缺少检验单号\"\nE       AssertionError: 缺少检验单号\nE       assert None\nE        +  where None = TestMainProcess.inspect_order_code\n\nTestCase\\integration_tests\\test_mainprocess.py:1030: AssertionError","steps":[],"attachments":[{"uid":"f4c2056914c67587","name":"log","source":"f4c2056914c67587.txt","type":"text/plain","size":88},{"uid":"3f54d93c83a2bc7e","name":"stderr","source":"3f54d93c83a2bc7e.txt","type":"text/plain","size":101}],"parameters":[],"hasContent":true,"shouldDisplayMessage":true,"attachmentsCount":2,"stepsCount":0,"attachmentStep":false},"afterStages":[],"labels":[{"name":"feature","value":"主流程集成测试"},{"name":"parentSuite","value":"TestCase.integration_tests"},{"name":"suite","value":"test_mainprocess"},{"name":"subSuite","value":"TestMainProcess"},{"name":"host","value":"DESKTOP-520CACV"},{"name":"thread","value":"20992-MainThread"},{"name":"framework","value":"pytest"},{"name":"language","value":"cpython3"},{"name":"package","value":"TestCase.integration_tests.test_mainprocess"},{"name":"resultFormat","value":"allure2"}],"parameters":[],"links":[],"hidden":false,"retry":false,"extra":{"severity":"normal","retries":[],"categories":[{"name":"Product defects","matchedStatuses":[]}],"tags":[]},"source":"b74f1a4ee9a0985c.json","parameterValues":[]}