{"uid":"c3ba4a6507bcafcd","name":"开始检验","fullName":"TestCase.integration_tests.test_mainprocess.TestMainProcess#test_37_start_inspect","historyId":"b1a61bc589457b585abd29d0979fe6bd","time":{"start":1752114650689,"stop":1752114650690,"duration":1},"description":"开始质量检验，期望启动成功","descriptionHtml":"<p>开始质量检验，期望启动成功</p>\n","status":"failed","statusMessage":"AssertionError: 缺少检验单号\nassert None\n +  where None = TestMainProcess.inspect_order_code","statusTrace":"self = <TestCase.integration_tests.test_mainprocess.TestMainProcess object at 0x000001F35E6E5B90>\n\n    @allure.title(\"开始检验\")\n    @allure.description(\"开始质量检验，期望启动成功\")\n    def test_37_start_inspect(self):\n        \"\"\"开始检验\"\"\"\n        self.logger.info(\"===== 开始检验 =====\")\n>       assert TestMainProcess.inspect_order_code, \"缺少检验单号\"\nE       AssertionError: 缺少检验单号\nE       assert None\nE        +  where None = TestMainProcess.inspect_order_code\n\nTestCase\\integration_tests\\test_mainprocess.py:1014: AssertionError","flaky":false,"newFailed":false,"newBroken":false,"newPassed":false,"retriesCount":0,"retriesStatusChange":false,"beforeStages":[{"name":"setup_and_teardown","time":{"start":1752114596387,"stop":1752114641756,"duration":45369},"status":"passed","steps":[{"name":"前置条件：清理测试数据残留","time":{"start":1752114596387,"stop":1752114617554,"duration":21167},"status":"passed","steps":[],"attachments":[],"parameters":[],"hasContent":false,"shouldDisplayMessage":false,"attachmentsCount":0,"stepsCount":0,"attachmentStep":false}],"attachments":[],"parameters":[],"hasContent":true,"shouldDisplayMessage":false,"attachmentsCount":0,"stepsCount":1,"attachmentStep":false}],"testStage":{"description":"开始质量检验，期望启动成功","status":"failed","statusMessage":"AssertionError: 缺少检验单号\nassert None\n +  where None = TestMainProcess.inspect_order_code","statusTrace":"self = <TestCase.integration_tests.test_mainprocess.TestMainProcess object at 0x000001F35E6E5B90>\n\n    @allure.title(\"开始检验\")\n    @allure.description(\"开始质量检验，期望启动成功\")\n    def test_37_start_inspect(self):\n        \"\"\"开始检验\"\"\"\n        self.logger.info(\"===== 开始检验 =====\")\n>       assert TestMainProcess.inspect_order_code, \"缺少检验单号\"\nE       AssertionError: 缺少检验单号\nE       assert None\nE        +  where None = TestMainProcess.inspect_order_code\n\nTestCase\\integration_tests\\test_mainprocess.py:1014: AssertionError","steps":[],"attachments":[{"uid":"432e2b84c86ea278","name":"log","source":"432e2b84c86ea278.txt","type":"text/plain","size":76},{"uid":"d5ba06b17006d283","name":"stderr","source":"d5ba06b17006d283.txt","type":"text/plain","size":89}],"parameters":[],"hasContent":true,"shouldDisplayMessage":true,"attachmentsCount":2,"stepsCount":0,"attachmentStep":false},"afterStages":[],"labels":[{"name":"feature","value":"主流程集成测试"},{"name":"parentSuite","value":"TestCase.integration_tests"},{"name":"suite","value":"test_mainprocess"},{"name":"subSuite","value":"TestMainProcess"},{"name":"host","value":"DESKTOP-520CACV"},{"name":"thread","value":"20992-MainThread"},{"name":"framework","value":"pytest"},{"name":"language","value":"cpython3"},{"name":"package","value":"TestCase.integration_tests.test_mainprocess"},{"name":"resultFormat","value":"allure2"}],"parameters":[],"links":[],"hidden":false,"retry":false,"extra":{"severity":"normal","retries":[],"categories":[{"name":"Product defects","matchedStatuses":[]}],"tags":[]},"source":"c3ba4a6507bcafcd.json","parameterValues":[]}