{"uid":"39d77ac64f55d477","name":"开始检验","fullName":"TestCase.integration_tests.test_mainprocess.TestMainProcess#test_37_start_inspect","historyId":"b1a61bc589457b585abd29d0979fe6bd","time":{"start":1751855170563,"stop":1751855170564,"duration":1},"description":"开始质量检验，期望启动成功","descriptionHtml":"<p>开始质量检验，期望启动成功</p>\n","status":"failed","statusMessage":"AssertionError: 缺少检验单号\nassert None\n +  where None = TestMainProcess.inspect_order_code","statusTrace":"self = <TestCase.integration_tests.test_mainprocess.TestMainProcess object at 0x0000026366B10D90>\n\n    @allure.title(\"开始检验\")\n    @allure.description(\"开始质量检验，期望启动成功\")\n    def test_37_start_inspect(self):\n        \"\"\"开始检验\"\"\"\n        self.logger.info(\"===== 开始检验 =====\")\n>       assert TestMainProcess.inspect_order_code, \"缺少检验单号\"\nE       AssertionError: 缺少检验单号\nE       assert None\nE        +  where None = TestMainProcess.inspect_order_code\n\nTestCase\\integration_tests\\test_mainprocess.py:1014: AssertionError","flaky":false,"newFailed":false,"newBroken":false,"newPassed":false,"retriesCount":0,"retriesStatusChange":false,"beforeStages":[{"name":"setup_and_teardown","time":{"start":1751855052350,"stop":1751855136224,"duration":83874},"status":"passed","steps":[{"name":"前置条件：清理测试数据残留","time":{"start":1751855052350,"stop":1751855110202,"duration":57852},"status":"passed","steps":[],"attachments":[],"parameters":[],"attachmentsCount":0,"shouldDisplayMessage":false,"attachmentStep":false,"stepsCount":0,"hasContent":false}],"attachments":[],"parameters":[],"attachmentsCount":0,"shouldDisplayMessage":false,"attachmentStep":false,"stepsCount":1,"hasContent":true}],"testStage":{"description":"开始质量检验，期望启动成功","status":"failed","statusMessage":"AssertionError: 缺少检验单号\nassert None\n +  where None = TestMainProcess.inspect_order_code","statusTrace":"self = <TestCase.integration_tests.test_mainprocess.TestMainProcess object at 0x0000026366B10D90>\n\n    @allure.title(\"开始检验\")\n    @allure.description(\"开始质量检验，期望启动成功\")\n    def test_37_start_inspect(self):\n        \"\"\"开始检验\"\"\"\n        self.logger.info(\"===== 开始检验 =====\")\n>       assert TestMainProcess.inspect_order_code, \"缺少检验单号\"\nE       AssertionError: 缺少检验单号\nE       assert None\nE        +  where None = TestMainProcess.inspect_order_code\n\nTestCase\\integration_tests\\test_mainprocess.py:1014: AssertionError","steps":[],"attachments":[{"uid":"149e1b044365d2b8","name":"log","source":"149e1b044365d2b8.txt","type":"text/plain","size":76},{"uid":"9751f070fd758902","name":"stderr","source":"9751f070fd758902.txt","type":"text/plain","size":89}],"parameters":[],"attachmentsCount":2,"shouldDisplayMessage":true,"attachmentStep":false,"stepsCount":0,"hasContent":true},"afterStages":[],"labels":[{"name":"feature","value":"主流程集成测试"},{"name":"parentSuite","value":"TestCase.integration_tests"},{"name":"suite","value":"test_mainprocess"},{"name":"subSuite","value":"TestMainProcess"},{"name":"host","value":"DESKTOP-520CACV"},{"name":"thread","value":"15080-MainThread"},{"name":"framework","value":"pytest"},{"name":"language","value":"cpython3"},{"name":"package","value":"TestCase.integration_tests.test_mainprocess"},{"name":"resultFormat","value":"allure2"}],"parameters":[],"links":[],"hidden":false,"retry":false,"extra":{"severity":"normal","retries":[],"categories":[{"name":"Product defects","matchedStatuses":[]}],"tags":[]},"source":"39d77ac64f55d477.json","parameterValues":[]}