{"uid":"3a45a29c952ddc72","name":"提交检验结果","fullName":"TestCase.integration_tests.test_mainprocess.TestMainProcess#test_38_submit_inspect_result","historyId":"7eb5a8b3b71c5fd95e714659e06e85f7","time":{"start":1751855170613,"stop":1751855170614,"duration":1},"description":"提交质量检验结果，期望提交成功","descriptionHtml":"<p>提交质量检验结果，期望提交成功</p>\n","status":"failed","statusMessage":"AssertionError: 缺少检验单号\nassert None\n +  where None = TestMainProcess.inspect_order_code","statusTrace":"self = <TestCase.integration_tests.test_mainprocess.TestMainProcess object at 0x0000026366B0B610>\n\n    @allure.title(\"提交检验结果\")\n    @allure.description(\"提交质量检验结果，期望提交成功\")\n    def test_38_submit_inspect_result(self):\n        \"\"\"提交检验结果\"\"\"\n        self.logger.info(\"===== 开始提交检验结果 =====\")\n>       assert TestMainProcess.inspect_order_code, \"缺少检验单号\"\nE       AssertionError: 缺少检验单号\nE       assert None\nE        +  where None = TestMainProcess.inspect_order_code\n\nTestCase\\integration_tests\\test_mainprocess.py:1030: AssertionError","flaky":false,"newFailed":false,"newBroken":false,"newPassed":false,"retriesCount":0,"retriesStatusChange":false,"beforeStages":[{"name":"setup_and_teardown","time":{"start":1751855052350,"stop":1751855136224,"duration":83874},"status":"passed","steps":[{"name":"前置条件：清理测试数据残留","time":{"start":1751855052350,"stop":1751855110202,"duration":57852},"status":"passed","steps":[],"attachments":[],"parameters":[],"attachmentsCount":0,"shouldDisplayMessage":false,"attachmentStep":false,"stepsCount":0,"hasContent":false}],"attachments":[],"parameters":[],"attachmentsCount":0,"shouldDisplayMessage":false,"attachmentStep":false,"stepsCount":1,"hasContent":true}],"testStage":{"description":"提交质量检验结果，期望提交成功","status":"failed","statusMessage":"AssertionError: 缺少检验单号\nassert None\n +  where None = TestMainProcess.inspect_order_code","statusTrace":"self = <TestCase.integration_tests.test_mainprocess.TestMainProcess object at 0x0000026366B0B610>\n\n    @allure.title(\"提交检验结果\")\n    @allure.description(\"提交质量检验结果，期望提交成功\")\n    def test_38_submit_inspect_result(self):\n        \"\"\"提交检验结果\"\"\"\n        self.logger.info(\"===== 开始提交检验结果 =====\")\n>       assert TestMainProcess.inspect_order_code, \"缺少检验单号\"\nE       AssertionError: 缺少检验单号\nE       assert None\nE        +  where None = TestMainProcess.inspect_order_code\n\nTestCase\\integration_tests\\test_mainprocess.py:1030: AssertionError","steps":[],"attachments":[{"uid":"d725fd68523b8728","name":"log","source":"d725fd68523b8728.txt","type":"text/plain","size":88},{"uid":"c8f8115c435a1594","name":"stderr","source":"c8f8115c435a1594.txt","type":"text/plain","size":101}],"parameters":[],"attachmentsCount":2,"shouldDisplayMessage":true,"attachmentStep":false,"stepsCount":0,"hasContent":true},"afterStages":[],"labels":[{"name":"feature","value":"主流程集成测试"},{"name":"parentSuite","value":"TestCase.integration_tests"},{"name":"suite","value":"test_mainprocess"},{"name":"subSuite","value":"TestMainProcess"},{"name":"host","value":"DESKTOP-520CACV"},{"name":"thread","value":"15080-MainThread"},{"name":"framework","value":"pytest"},{"name":"language","value":"cpython3"},{"name":"package","value":"TestCase.integration_tests.test_mainprocess"},{"name":"resultFormat","value":"allure2"}],"parameters":[],"links":[],"hidden":false,"retry":false,"extra":{"severity":"normal","retries":[],"categories":[{"name":"Product defects","matchedStatuses":[]}],"tags":[]},"source":"3a45a29c952ddc72.json","parameterValues":[]}