{"uid":"6e3cde986b299d9b","name":"开始生产","fullName":"TestCase.integration_tests.test_mainprocess.TestMainProcess#test_33_start_production","historyId":"810c948cdf062ca51a6d8bd98de0bf8c","time":{"start":1751855166665,"stop":1751855166666,"duration":1},"description":"开始生产作业，期望启动成功","descriptionHtml":"<p>开始生产作业，期望启动成功</p>\n","status":"failed","statusMessage":"AssertionError: 缺少必要参数\nassert (None)\n +  where None = TestMainProcess.dispatch_code","statusTrace":"self = <TestCase.integration_tests.test_mainprocess.TestMainProcess object at 0x0000026366B0B350>\n\n    @allure.title(\"开始生产\")\n    @allure.description(\"开始生产作业，期望启动成功\")\n    def test_33_start_production(self):\n        \"\"\"开始生产\"\"\"\n        self.logger.info(\"===== 开始生产 =====\")\n>       assert TestMainProcess.dispatch_code and TestMainProcess.production_plan_code and TestMainProcess.process_task_code, \"缺少必要参数\"\nE       AssertionError: 缺少必要参数\nE       assert (None)\nE        +  where None = TestMainProcess.dispatch_code\n\nTestCase\\integration_tests\\test_mainprocess.py:871: AssertionError","flaky":false,"newFailed":false,"newBroken":false,"newPassed":false,"retriesCount":0,"retriesStatusChange":false,"beforeStages":[{"name":"setup_and_teardown","time":{"start":1751855052350,"stop":1751855136224,"duration":83874},"status":"passed","steps":[{"name":"前置条件：清理测试数据残留","time":{"start":1751855052350,"stop":1751855110202,"duration":57852},"status":"passed","steps":[],"attachments":[],"parameters":[],"attachmentsCount":0,"shouldDisplayMessage":false,"attachmentStep":false,"stepsCount":0,"hasContent":false}],"attachments":[],"parameters":[],"attachmentsCount":0,"shouldDisplayMessage":false,"attachmentStep":false,"stepsCount":1,"hasContent":true}],"testStage":{"description":"开始生产作业，期望启动成功","status":"failed","statusMessage":"AssertionError: 缺少必要参数\nassert (None)\n +  where None = TestMainProcess.dispatch_code","statusTrace":"self = <TestCase.integration_tests.test_mainprocess.TestMainProcess object at 0x0000026366B0B350>\n\n    @allure.title(\"开始生产\")\n    @allure.description(\"开始生产作业，期望启动成功\")\n    def test_33_start_production(self):\n        \"\"\"开始生产\"\"\"\n        self.logger.info(\"===== 开始生产 =====\")\n>       assert TestMainProcess.dispatch_code and TestMainProcess.production_plan_code and TestMainProcess.process_task_code, \"缺少必要参数\"\nE       AssertionError: 缺少必要参数\nE       assert (None)\nE        +  where None = TestMainProcess.dispatch_code\n\nTestCase\\integration_tests\\test_mainprocess.py:871: AssertionError","steps":[],"attachments":[{"uid":"7bb1c82f36c63ee7","name":"log","source":"7bb1c82f36c63ee7.txt","type":"text/plain","size":75},{"uid":"dd807db799b7dd39","name":"stderr","source":"dd807db799b7dd39.txt","type":"text/plain","size":88}],"parameters":[],"attachmentsCount":2,"shouldDisplayMessage":true,"attachmentStep":false,"stepsCount":0,"hasContent":true},"afterStages":[],"labels":[{"name":"feature","value":"主流程集成测试"},{"name":"parentSuite","value":"TestCase.integration_tests"},{"name":"suite","value":"test_mainprocess"},{"name":"subSuite","value":"TestMainProcess"},{"name":"host","value":"DESKTOP-520CACV"},{"name":"thread","value":"15080-MainThread"},{"name":"framework","value":"pytest"},{"name":"language","value":"cpython3"},{"name":"package","value":"TestCase.integration_tests.test_mainprocess"},{"name":"resultFormat","value":"allure2"}],"parameters":[],"links":[],"hidden":false,"retry":false,"extra":{"severity":"normal","retries":[],"categories":[{"name":"Product defects","matchedStatuses":[]}],"tags":[]},"source":"6e3cde986b299d9b.json","parameterValues":[]}