{"uid":"e02195ec79f974ba","name":"确认上料","fullName":"TestCase.integration_tests.test_mainprocess.TestMainProcess#test_46_confirm_feeding","historyId":"dbad101bb4a5759fdca949112b0c0c7b","time":{"start":1751855175256,"stop":1751855175259,"duration":3},"description":"确认上料操作，期望确认成功","descriptionHtml":"<p>确认上料操作，期望确认成功</p>\n","status":"failed","statusMessage":"AssertionError: 缺少必要参数\nassert (None)\n +  where None = TestMainProcess.dispatch_code","statusTrace":"self = <TestCase.integration_tests.test_mainprocess.TestMainProcess object at 0x0000026366B11AD0>\n\n    @allure.title(\"确认上料\")\n    @allure.description(\"确认上料操作，期望确认成功\")\n    def test_46_confirm_feeding(self):\n        \"\"\"确认上料\"\"\"\n        self.logger.info(\"===== 开始确认上料 =====\")\n>       assert TestMainProcess.dispatch_code and TestMainProcess.label_split_sn, \"缺少必要参数\"\nE       AssertionError: 缺少必要参数\nE       assert (None)\nE        +  where None = TestMainProcess.dispatch_code\n\nTestCase\\integration_tests\\test_mainprocess.py:1153: AssertionError","flaky":false,"newFailed":false,"newBroken":false,"newPassed":false,"retriesCount":0,"retriesStatusChange":false,"beforeStages":[{"name":"setup_and_teardown","time":{"start":1751855052350,"stop":1751855136224,"duration":83874},"status":"passed","steps":[{"name":"前置条件：清理测试数据残留","time":{"start":1751855052350,"stop":1751855110202,"duration":57852},"status":"passed","steps":[],"attachments":[],"parameters":[],"attachmentsCount":0,"shouldDisplayMessage":false,"attachmentStep":false,"stepsCount":0,"hasContent":false}],"attachments":[],"parameters":[],"attachmentsCount":0,"shouldDisplayMessage":false,"attachmentStep":false,"stepsCount":1,"hasContent":true}],"testStage":{"description":"确认上料操作，期望确认成功","status":"failed","statusMessage":"AssertionError: 缺少必要参数\nassert (None)\n +  where None = TestMainProcess.dispatch_code","statusTrace":"self = <TestCase.integration_tests.test_mainprocess.TestMainProcess object at 0x0000026366B11AD0>\n\n    @allure.title(\"确认上料\")\n    @allure.description(\"确认上料操作，期望确认成功\")\n    def test_46_confirm_feeding(self):\n        \"\"\"确认上料\"\"\"\n        self.logger.info(\"===== 开始确认上料 =====\")\n>       assert TestMainProcess.dispatch_code and TestMainProcess.label_split_sn, \"缺少必要参数\"\nE       AssertionError: 缺少必要参数\nE       assert (None)\nE        +  where None = TestMainProcess.dispatch_code\n\nTestCase\\integration_tests\\test_mainprocess.py:1153: AssertionError","steps":[],"attachments":[{"uid":"4dbf9c11965f8e1b","name":"log","source":"4dbf9c11965f8e1b.txt","type":"text/plain","size":82},{"uid":"9eaad658ef3b2cad","name":"stderr","source":"9eaad658ef3b2cad.txt","type":"text/plain","size":95}],"parameters":[],"attachmentsCount":2,"shouldDisplayMessage":true,"attachmentStep":false,"stepsCount":0,"hasContent":true},"afterStages":[],"labels":[{"name":"feature","value":"主流程集成测试"},{"name":"parentSuite","value":"TestCase.integration_tests"},{"name":"suite","value":"test_mainprocess"},{"name":"subSuite","value":"TestMainProcess"},{"name":"host","value":"DESKTOP-520CACV"},{"name":"thread","value":"15080-MainThread"},{"name":"framework","value":"pytest"},{"name":"language","value":"cpython3"},{"name":"package","value":"TestCase.integration_tests.test_mainprocess"},{"name":"resultFormat","value":"allure2"}],"parameters":[],"links":[],"hidden":false,"retry":false,"extra":{"severity":"normal","retries":[],"categories":[{"name":"Product defects","matchedStatuses":[]}],"tags":[]},"source":"e02195ec79f974ba.json","parameterValues":[]}